[17:26:36]: Importing value regPath from HKCU:\SOFTWARE\btelnyy\YanSaveEdit with value HKCU:\SOFTWARE\YandereDev\YandereSimulator\
[17:26:36]: Importing value printLog from HKCU:\SOFTWARE\btelnyy\YanSaveEdit with value false
[17:26:36]: Importing value eolWarn from HKCU:\SOFTWARE\btelnyy\YanSaveEdit with value true
[17:26:36]: ignored creation of appdata directory as it already exists.
[17:26:36]: The current profile is 1
[17:26:36]: The current registry path is HKCU:\SOFTWARE\YandereDev\YandereSimulator\
[17:26:36]: The current appdata directory is C:\Users\bohdan\AppData\Roaming\BTELNYY
[17:26:36]: Entered NPC submenu
[17:29:41]: Importing value regPath from HKCU:\SOFTWARE\btelnyy\YanSaveEdit with value HKCU:\SOFTWARE\YandereDev\YandereSimulator\
[17:29:41]: Importing value printLog from HKCU:\SOFTWARE\btelnyy\YanSaveEdit with value false
[17:29:41]: Importing value eolWarn from HKCU:\SOFTWARE\btelnyy\YanSaveEdit with value true
[17:29:41]: ignored creation of appdata directory as it already exists.
[17:29:41]: The current profile is 1
[17:29:41]: The current registry path is HKCU:\SOFTWARE\YandereDev\YandereSimulator\
[17:29:41]: The current appdata directory is C:\Users\bohdan\AppData\Roaming\BTELNYY
[17:29:41]: Entered NPC submenu
[17:30:32]: Importing value regPath from HKCU:\SOFTWARE\btelnyy\YanSaveEdit with value HKCU:\SOFTWARE\YandereDev\YandereSimulator\
[17:30:32]: Importing value printLog from HKCU:\SOFTWARE\btelnyy\YanSaveEdit with value false
[17:30:32]: Importing value eolWarn from HKCU:\SOFTWARE\btelnyy\YanSaveEdit with value true
[17:30:32]: ignored creation of appdata directory as it already exists.
[17:34:27]: Importing value regPath from HKCU:\SOFTWARE\btelnyy\YanSaveEdit with value HKCU:\SOFTWARE\YandereDev\YandereSimulator\
[17:34:27]: Importing value printLog from HKCU:\SOFTWARE\btelnyy\YanSaveEdit with value false
[17:34:27]: Importing value eolWarn from HKCU:\SOFTWARE\btelnyy\YanSaveEdit with value true
[17:34:27]: ignored creation of appdata directory as it already exists.
[17:34:27]: The current profile is 1
[17:34:27]: The current registry path is HKCU:\SOFTWARE\YandereDev\YandereSimulator\
[17:34:27]: The current appdata directory is C:\Users\bohdan\AppData\Roaming\BTELNYY
[17:34:27]: Entered NPC submenu
[17:34:27]: Exit NPC submenu
[17:34:27]: Entered Tinker Menu
[17:34:27]: Exited Tinker Menu
[17:34:27]: debug key for current profile is Profile_1_Debug_h1784072846
